# JRE version: OpenJDK Runtime Environment (7.0_151-b01) (build 1.7.0_151-b01)
# Java VM: OpenJDK 64-Bit Server VM (24.151-b01 mixed mode linux-amd64 compressed oops)
Heap
 PSYoungGen      total 68096K, used 41342K [0x00000000f0000000, 0x00000000f9900000, 0x0000000100000000)
  eden space 65536K, 59% used [0x00000000f0000000,0x00000000f25e1140,0x00000000f4000000)
  from space 2560K, 99% used [0x00000000f4000000,0x00000000f427e8c0,0x00000000f4280000)
  to   space 12800K, 0% used [0x00000000f8c80000,0x00000000f8c80000,0x00000000f9900000)
 ParOldGen       total 41984K, used 21400K [0x00000000d0000000, 0x00000000d2900000, 0x00000000f0000000)
  object space 41984K, 50% used [0x00000000d0000000,0x00000000d14e6248,0x00000000d2900000)
 PSPermGen       total 21504K, used 9993K [0x00000000c5a00000, 0x00000000c6f00000, 0x00000000d0000000)
  object space 21504K, 46% used [0x00000000c5a00000,0x00000000c63c2630,0x00000000c6f00000)
GC Heap History (10 events):
Event: 0.564 GC heap before
{Heap before GC invocations=1 (full 0):
 PSYoungGen      total 18944K, used 16384K [0x00000000f0000000, 0x00000000f1500000, 0x0000000100000000)
  eden space 16384K, 100% used [0x00000000f0000000,0x00000000f1000000,0x00000000f1000000)
  from space 2560K, 0% used [0x00000000f1280000,0x00000000f1280000,0x00000000f1500000)
  to   space 2560K, 0% used [0x00000000f1000000,0x00000000f1000000,0x00000000f1280000)
 ParOldGen       total 41984K, used 0K [0x00000000d0000000, 0x00000000d2900000, 0x00000000f0000000)
  object space 41984K, 0% used [0x00000000d0000000,0x00000000d0000000,0x00000000d2900000)
 PSPermGen       total 21504K, used 7040K [0x00000000c5a00000, 0x00000000c6f00000, 0x00000000d0000000)
  object space 21504K, 32% used [0x00000000c5a00000,0x00000000c60e03b8,0x00000000c6f00000)
Event: 0.570 GC heap after
Heap after GC invocations=1 (full 0):
 PSYoungGen      total 18944K, used 2557K [0x00000000f0000000, 0x00000000f2500000, 0x0000000100000000)
  eden space 16384K, 0% used [0x00000000f0000000,0x00000000f0000000,0x00000000f1000000)
  from space 2560K, 99% used [0x00000000f1000000,0x00000000f127f638,0x00000000f1280000)
  to   space 2560K, 0% used [0x00000000f2280000,0x00000000f2280000,0x00000000f2500000)
 ParOldGen       total 41984K, used 728K [0x00000000d0000000, 0x00000000d2900000, 0x00000000f0000000)
  object space 41984K, 1% used [0x00000000d0000000,0x00000000d00b61a0,0x00000000d2900000)
 PSPermGen       total 21504K, used 7040K [0x00000000c5a00000, 0x00000000c6f00000, 0x00000000d0000000)
  object space 21504K, 32% used [0x00000000c5a00000,0x00000000c60e03b8,0x00000000c6f00000)
}
Event: 1.310 GC heap before
{Heap before GC invocations=2 (full 0):
 PSYoungGen      total 18944K, used 18941K [0x00000000f0000000, 0x00000000f2500000, 0x0000000100000000)
  eden space 16384K, 100% used [0x00000000f0000000,0x00000000f1000000,0x00000000f1000000)
  from space 2560K, 99% used [0x00000000f1000000,0x00000000f127f638,0x00000000f1280000)
  to   space 2560K, 0% used [0x00000000f2280000,0x00000000f2280000,0x00000000f2500000)
 ParOldGen       total 41984K, used 728K [0x00000000d0000000, 0x00000000d2900000, 0x00000000f0000000)
  object space 41984K, 1% used [0x00000000d0000000,0x00000000d00b61a0,0x00000000d2900000)
 PSPermGen       total 21504K, used 8607K [0x00000000c5a00000, 0x00000000c6f00000, 0x00000000d0000000)
  object space 21504K, 40% used [0x00000000c5a00000,0x00000000c6267ea8,0x00000000c6f00000)
Event: 1.328 GC heap after
Heap after GC invocations=2 (full 0):
 PSYoungGen      total 35328K, used 2530K [0x00000000f0000000, 0x00000000f2500000, 0x0000000100000000)
  eden space 32768K, 0% used [0x00000000f0000000,0x00000000f0000000,0x00000000f2000000)
  from space 2560K, 98% used [0x00000000f2280000,0x00000000f24f8900,0x00000000f2500000)
  to   space 2560K, 0% used [0x00000000f2000000,0x00000000f2000000,0x00000000f2280000)
 ParOldGen       total 41984K, used 2004K [0x00000000d0000000, 0x00000000d2900000, 0x00000000f0000000)
  object space 41984K, 4% used [0x00000000d0000000,0x00000000d01f52b0,0x00000000d2900000)
 PSPermGen       total 21504K, used 8607K [0x00000000c5a00000, 0x00000000c6f00000, 0x00000000d0000000)
  object space 21504K, 40% used [0x00000000c5a00000,0x00000000c6267ea8,0x00000000c6f00000)
}
Event: 1.756 GC heap before
{Heap before GC invocations=3 (full 0):
 PSYoungGen      total 35328K, used 35298K [0x00000000f0000000, 0x00000000f2500000, 0x0000000100000000)
  eden space 32768K, 100% used [0x00000000f0000000,0x00000000f2000000,0x00000000f2000000)
  from space 2560K, 98% used [0x00000000f2280000,0x00000000f24f8900,0x00000000f2500000)
  to   space 2560K, 0% used [0x00000000f2000000,0x00000000f2000000,0x00000000f2280000)
 ParOldGen       total 41984K, used 2004K [0x00000000d0000000, 0x00000000d2900000, 0x00000000f0000000)
  object space 41984K, 4% used [0x00000000d0000000,0x00000000d01f52b0,0x00000000d2900000)
 PSPermGen       total 21504K, used 8866K [0x00000000c5a00000, 0x00000000c6f00000, 0x00000000d0000000)
  object space 21504K, 41% used [0x00000000c5a00000,0x00000000c62a8aa8,0x00000000c6f00000)
Event: 1.779 GC heap after
Heap after GC invocations=3 (full 0):
 PSYoungGen      total 35328K, used 2556K [0x00000000f0000000, 0x00000000f4500000, 0x0000000100000000)
  eden space 32768K, 0% used [0x00000000f0000000,0x00000000f0000000,0x00000000f2000000)
  from space 2560K, 99% used [0x00000000f2000000,0x00000000f227f080,0x00000000f2280000)
  to   space 2560K, 0% used [0x00000000f4280000,0x00000000f4280000,0x00000000f4500000)
 ParOldGen       total 41984K, used 9179K [0x00000000d0000000, 0x00000000d2900000, 0x00000000f0000000)
  object space 41984K, 21% used [0x00000000d0000000,0x00000000d08f6e30,0x00000000d2900000)
 PSPermGen       total 21504K, used 8866K [0x00000000c5a00000, 0x00000000c6f00000, 0x00000000d0000000)
  object space 21504K, 41% used [0x00000000c5a00000,0x00000000c62a8aa8,0x00000000c6f00000)
}
Event: 1.924 GC heap before
{Heap before GC invocations=4 (full 0):
 PSYoungGen      total 35328K, used 35324K [0x00000000f0000000, 0x00000000f4500000, 0x0000000100000000)
  eden space 32768K, 100% used [0x00000000f0000000,0x00000000f2000000,0x00000000f2000000)
  from space 2560K, 99% used [0x00000000f2000000,0x00000000f227f080,0x00000000f2280000)
  to   space 2560K, 0% used [0x00000000f4280000,0x00000000f4280000,0x00000000f4500000)
 ParOldGen       total 41984K, used 9179K [0x00000000d0000000, 0x00000000d2900000, 0x00000000f0000000)
  object space 41984K, 21% used [0x00000000d0000000,0x00000000d08f6e30,0x00000000d2900000)
 PSPermGen       total 21504K, used 8895K [0x00000000c5a00000, 0x00000000c6f00000, 0x00000000d0000000)
  object space 21504K, 41% used [0x00000000c5a00000,0x00000000c62afcd8,0x00000000c6f00000)
Event: 1.947 GC heap after
Heap after GC invocations=4 (full 0):
 PSYoungGen      total 68096K, used 2556K [0x00000000f0000000, 0x00000000f4500000, 0x0000000100000000)
  eden space 65536K, 0% used [0x00000000f0000000,0x00000000f0000000,0x00000000f4000000)
  from space 2560K, 99% used [0x00000000f4280000,0x00000000f44ff050,0x00000000f4500000)
  to   space 2560K, 0% used [0x00000000f4000000,0x00000000f4000000,0x00000000f4280000)
 ParOldGen       total 41984K, used 12019K [0x00000000d0000000, 0x00000000d2900000, 0x00000000f0000000)
  object space 41984K, 28% used [0x00000000d0000000,0x00000000d0bbce40,0x00000000d2900000)
 PSPermGen       total 21504K, used 8895K [0x00000000c5a00000, 0x00000000c6f00000, 0x00000000d0000000)
  object space 21504K, 41% used [0x00000000c5a00000,0x00000000c62afcd8,0x00000000c6f00000)
}
Event: 2.411 GC heap before
{Heap before GC invocations=5 (full 0):
 PSYoungGen      total 68096K, used 68092K [0x00000000f0000000, 0x00000000f4500000, 0x0000000100000000)
  eden space 65536K, 100% used [0x00000000f0000000,0x00000000f4000000,0x00000000f4000000)
  from space 2560K, 99% used [0x00000000f4280000,0x00000000f44ff050,0x00000000f4500000)
  to   space 2560K, 0% used [0x00000000f4000000,0x00000000f4000000,0x00000000f4280000)
 ParOldGen       total 41984K, used 12019K [0x00000000d0000000, 0x00000000d2900000, 0x00000000f0000000)
  object space 41984K, 28% used [0x00000000d0000000,0x00000000d0bbce40,0x00000000d2900000)
 PSPermGen       total 21504K, used 9643K [0x00000000c5a00000, 0x00000000c6f00000, 0x00000000d0000000)
  object space 21504K, 44% used [0x00000000c5a00000,0x00000000c636aec8,0x00000000c6f00000)
Event: 2.444 GC heap after
Heap after GC invocations=5 (full 0):
 PSYoungGen      total 68096K, used 2554K [0x00000000f0000000, 0x00000000f9900000, 0x0000000100000000)
  eden space 65536K, 0% used [0x00000000f0000000,0x00000000f0000000,0x00000000f4000000)
  from space 2560K, 99% used [0x00000000f4000000,0x00000000f427e8c0,0x00000000f4280000)
  to   space 12800K, 0% used [0x00000000f8c80000,0x00000000f8c80000,0x00000000f9900000)
 ParOldGen       total 41984K, used 21400K [0x00000000d0000000, 0x00000000d2900000, 0x00000000f0000000)
  object space 41984K, 50% used [0x00000000d0000000,0x00000000d14e6248,0x00000000d2900000)
 PSPermGen       total 21504K, used 9643K [0x00000000c5a00000, 0x00000000c6f00000, 0x00000000d0000000)
  object space 21504K, 44% used [0x00000000c5a00000,0x00000000c636aec8,0x00000000c6f00000)
}

